2019-05-18 14:20:03,504 +0530 [Forwarding newSession on session null to remote] DEBUG (RequestAddCookies.java:123) - CookieSpec selected: default
2019-05-18 14:20:03,525 +0530 [Forwarding newSession on session null to remote] DEBUG (RequestAuthCache.java:77) - Auth cache not set in the context
2019-05-18 14:20:03,528 +0530 [Forwarding newSession on session null to remote] DEBUG (PoolingHttpClientConnectionManager.java:255) - Connection request: [route: {}->http://localhost:36364][total kept alive: 0; route allocated: 0 of 2000; total allocated: 0 of 2000]
2019-05-18 14:20:03,555 +0530 [Forwarding newSession on session null to remote] DEBUG (PoolingHttpClientConnectionManager.java:288) - Connection leased: [id: 0][route: {}->http://localhost:36364][total kept alive: 0; route allocated: 1 of 2000; total allocated: 1 of 2000]
2019-05-18 14:20:03,570 +0530 [Forwarding newSession on session null to remote] DEBUG (MainClientExec.java:235) - Opening connection {}->http://localhost:36364
2019-05-18 14:20:03,572 +0530 [Forwarding newSession on session null to remote] DEBUG (DefaultHttpClientConnectionOperator.java:139) - Connecting to localhost/127.0.0.1:36364
2019-05-18 14:20:03,602 +0530 [Forwarding newSession on session null to remote] DEBUG (DefaultHttpClientConnectionOperator.java:146) - Connection established 127.0.0.1:57748<->127.0.0.1:36364
2019-05-18 14:20:03,602 +0530 [Forwarding newSession on session null to remote] DEBUG (LoggingManagedHttpClientConnection.java:88) - http-outgoing-0: set socket timeout to 10800000
2019-05-18 14:20:03,602 +0530 [Forwarding newSession on session null to remote] DEBUG (MainClientExec.java:256) - Executing request POST /session HTTP/1.1
2019-05-18 14:20:03,603 +0530 [Forwarding newSession on session null to remote] DEBUG (MainClientExec.java:261) - Target auth state: UNCHALLENGED
2019-05-18 14:20:03,604 +0530 [Forwarding newSession on session null to remote] DEBUG (MainClientExec.java:267) - Proxy auth state: UNCHALLENGED
2019-05-18 14:20:03,606 +0530 [Forwarding newSession on session null to remote] DEBUG (LoggingManagedHttpClientConnection.java:133) - http-outgoing-0 >> POST /session HTTP/1.1
2019-05-18 14:20:03,606 +0530 [Forwarding newSession on session null to remote] DEBUG (LoggingManagedHttpClientConnection.java:136) - http-outgoing-0 >> Content-Type: application/json; charset=utf-8
2019-05-18 14:20:03,606 +0530 [Forwarding newSession on session null to remote] DEBUG (LoggingManagedHttpClientConnection.java:136) - http-outgoing-0 >> Content-Length: 550
2019-05-18 14:20:03,606 +0530 [Forwarding newSession on session null to remote] DEBUG (LoggingManagedHttpClientConnection.java:136) - http-outgoing-0 >> Host: localhost:36364
2019-05-18 14:20:03,606 +0530 [Forwarding newSession on session null to remote] DEBUG (LoggingManagedHttpClientConnection.java:136) - http-outgoing-0 >> Connection: Keep-Alive
2019-05-18 14:20:03,607 +0530 [Forwarding newSession on session null to remote] DEBUG (LoggingManagedHttpClientConnection.java:136) - http-outgoing-0 >> User-Agent: Apache-HttpClient/4.5.3 (Java/1.8.0_45)
2019-05-18 14:20:03,608 +0530 [Forwarding newSession on session null to remote] DEBUG (LoggingManagedHttpClientConnection.java:136) - http-outgoing-0 >> Accept-Encoding: gzip,deflate
2019-05-18 14:20:03,608 +0530 [Forwarding newSession on session null to remote] DEBUG (Wire.java:73) - http-outgoing-0 >> "POST /session HTTP/1.1[\r][\n]"
2019-05-18 14:20:03,608 +0530 [Forwarding newSession on session null to remote] DEBUG (Wire.java:73) - http-outgoing-0 >> "Content-Type: application/json; charset=utf-8[\r][\n]"
2019-05-18 14:20:03,608 +0530 [Forwarding newSession on session null to remote] DEBUG (Wire.java:73) - http-outgoing-0 >> "Content-Length: 550[\r][\n]"
2019-05-18 14:20:03,608 +0530 [Forwarding newSession on session null to remote] DEBUG (Wire.java:73) - http-outgoing-0 >> "Host: localhost:36364[\r][\n]"
2019-05-18 14:20:03,609 +0530 [Forwarding newSession on session null to remote] DEBUG (Wire.java:73) - http-outgoing-0 >> "Connection: Keep-Alive[\r][\n]"
2019-05-18 14:20:03,609 +0530 [Forwarding newSession on session null to remote] DEBUG (Wire.java:73) - http-outgoing-0 >> "User-Agent: Apache-HttpClient/4.5.3 (Java/1.8.0_45)[\r][\n]"
2019-05-18 14:20:03,609 +0530 [Forwarding newSession on session null to remote] DEBUG (Wire.java:73) - http-outgoing-0 >> "Accept-Encoding: gzip,deflate[\r][\n]"
2019-05-18 14:20:03,609 +0530 [Forwarding newSession on session null to remote] DEBUG (Wire.java:73) - http-outgoing-0 >> "[\r][\n]"
2019-05-18 14:20:03,609 +0530 [Forwarding newSession on session null to remote] DEBUG (Wire.java:73) - http-outgoing-0 >> "{[\n]"
2019-05-18 14:20:03,609 +0530 [Forwarding newSession on session null to remote] DEBUG (Wire.java:73) - http-outgoing-0 >> "  "desiredCapabilities": {[\n]"
2019-05-18 14:20:03,610 +0530 [Forwarding newSession on session null to remote] DEBUG (Wire.java:73) - http-outgoing-0 >> "    "browserName": "chrome",[\n]"
2019-05-18 14:20:03,610 +0530 [Forwarding newSession on session null to remote] DEBUG (Wire.java:73) - http-outgoing-0 >> "    "chromeOptions": {[\n]"
2019-05-18 14:20:03,610 +0530 [Forwarding newSession on session null to remote] DEBUG (Wire.java:73) - http-outgoing-0 >> "      "args": [],[\n]"
2019-05-18 14:20:03,610 +0530 [Forwarding newSession on session null to remote] DEBUG (Wire.java:73) - http-outgoing-0 >> "      "extensions": [][\n]"
2019-05-18 14:20:03,611 +0530 [Forwarding newSession on session null to remote] DEBUG (Wire.java:73) - http-outgoing-0 >> "    },[\n]"
2019-05-18 14:20:03,611 +0530 [Forwarding newSession on session null to remote] DEBUG (Wire.java:73) - http-outgoing-0 >> "    "version": "",[\n]"
2019-05-18 14:20:03,611 +0530 [Forwarding newSession on session null to remote] DEBUG (Wire.java:73) - http-outgoing-0 >> "    "platform": "ANY"[\n]"
2019-05-18 14:20:03,611 +0530 [Forwarding newSession on session null to remote] DEBUG (Wire.java:73) - http-outgoing-0 >> "  },[\n]"
2019-05-18 14:20:03,611 +0530 [Forwarding newSession on session null to remote] DEBUG (Wire.java:73) - http-outgoing-0 >> "  "requiredCapabilities": {},[\n]"
2019-05-18 14:20:03,611 +0530 [Forwarding newSession on session null to remote] DEBUG (Wire.java:73) - http-outgoing-0 >> "  "capabilities": {[\n]"
2019-05-18 14:20:03,612 +0530 [Forwarding newSession on session null to remote] DEBUG (Wire.java:73) - http-outgoing-0 >> "    "desiredCapabilities": {[\n]"
2019-05-18 14:20:03,612 +0530 [Forwarding newSession on session null to remote] DEBUG (Wire.java:73) - http-outgoing-0 >> "      "browserName": "chrome",[\n]"
2019-05-18 14:20:03,612 +0530 [Forwarding newSession on session null to remote] DEBUG (Wire.java:73) - http-outgoing-0 >> "      "chromeOptions": {[\n]"
2019-05-18 14:20:03,612 +0530 [Forwarding newSession on session null to remote] DEBUG (Wire.java:73) - http-outgoing-0 >> "        "args": [],[\n]"
2019-05-18 14:20:03,612 +0530 [Forwarding newSession on session null to remote] DEBUG (Wire.java:73) - http-outgoing-0 >> "        "extensions": [][\n]"
2019-05-18 14:20:03,612 +0530 [Forwarding newSession on session null to remote] DEBUG (Wire.java:73) - http-outgoing-0 >> "      },[\n]"
2019-05-18 14:20:03,612 +0530 [Forwarding newSession on session null to remote] DEBUG (Wire.java:73) - http-outgoing-0 >> "      "version": "",[\n]"
2019-05-18 14:20:03,613 +0530 [Forwarding newSession on session null to remote] DEBUG (Wire.java:73) - http-outgoing-0 >> "      "platform": "ANY"[\n]"
2019-05-18 14:20:03,613 +0530 [Forwarding newSession on session null to remote] DEBUG (Wire.java:73) - http-outgoing-0 >> "    },[\n]"
2019-05-18 14:20:03,613 +0530 [Forwarding newSession on session null to remote] DEBUG (Wire.java:73) - http-outgoing-0 >> "    "requiredCapabilities": {},[\n]"
2019-05-18 14:20:03,613 +0530 [Forwarding newSession on session null to remote] DEBUG (Wire.java:73) - http-outgoing-0 >> "    "alwaysMatch": {},[\n]"
2019-05-18 14:20:03,613 +0530 [Forwarding newSession on session null to remote] DEBUG (Wire.java:73) - http-outgoing-0 >> "    "firstMatch": [[\n]"
2019-05-18 14:20:03,613 +0530 [Forwarding newSession on session null to remote] DEBUG (Wire.java:73) - http-outgoing-0 >> "      {[\n]"
2019-05-18 14:20:03,613 +0530 [Forwarding newSession on session null to remote] DEBUG (Wire.java:73) - http-outgoing-0 >> "        "browserName": "chrome"[\n]"
2019-05-18 14:20:03,613 +0530 [Forwarding newSession on session null to remote] DEBUG (Wire.java:73) - http-outgoing-0 >> "      }[\n]"
2019-05-18 14:20:03,614 +0530 [Forwarding newSession on session null to remote] DEBUG (Wire.java:73) - http-outgoing-0 >> "    ][\n]"
2019-05-18 14:20:03,614 +0530 [Forwarding newSession on session null to remote] DEBUG (Wire.java:73) - http-outgoing-0 >> "  }[\n]"
2019-05-18 14:20:03,614 +0530 [Forwarding newSession on session null to remote] DEBUG (Wire.java:87) - http-outgoing-0 >> "}"
2019-05-18 14:20:09,487 +0530 [Forwarding newSession on session null to remote] DEBUG (Wire.java:73) - http-outgoing-0 << "HTTP/1.1 200 OK[\r][\n]"
2019-05-18 14:20:09,488 +0530 [Forwarding newSession on session null to remote] DEBUG (Wire.java:73) - http-outgoing-0 << "Content-Length:1033[\r][\n]"
2019-05-18 14:20:09,488 +0530 [Forwarding newSession on session null to remote] DEBUG (Wire.java:73) - http-outgoing-0 << "Content-Type:application/json; charset=utf-8[\r][\n]"
2019-05-18 14:20:09,488 +0530 [Forwarding newSession on session null to remote] DEBUG (Wire.java:73) - http-outgoing-0 << "[\r][\n]"
2019-05-18 14:20:09,488 +0530 [Forwarding newSession on session null to remote] DEBUG (Wire.java:87) - http-outgoing-0 << "{"sessionId":"586e957ff551a554e31e52a8d3c478d7","status":0,"value":{"acceptInsecureCerts":false,"acceptSslCerts":false,"applicationCacheEnabled":false,"browserConnectionEnabled":false,"browserName":"chrome","chrome":{"chromedriverVersion":"74.0.3729.6 (255758eccf3d244491b8a1317aa76e1ce10d57e9-refs/branch-heads/3729@{#29})","userDataDir":"C:\\Users\\AF44976\\AppData\\Local\\Temp\\1\\scoped_dir520832_8061"},"cssSelectorsEnabled":true,"databaseEnabled":false,"goog:chromeOptions":{"debuggerAddress":"localhost:57755"},"handlesAlerts":true,"hasTouchScreen":false,"javascriptEnabled":true,"locationContextEnabled":true,"mobileEmulationEnabled":false,"nativeEvents":true,"networkConnectionEnabled":false,"pageLoadStrategy":"normal","platform":"Windows NT","proxy":{},"rotatable":false,"setWindowRect":true,"strictFileInteractability":false,"takesHeapSnapshot":true,"takesScreenshot":true,"timeouts":{"implicit":0,"pageLoad":300000,"script":30000},"unexpectedAlertBehaviour":"ignore","version":"74.0.3729.131","webStorageEnabled":true}}"
2019-05-18 14:20:09,492 +0530 [Forwarding newSession on session null to remote] DEBUG (LoggingManagedHttpClientConnection.java:122) - http-outgoing-0 << HTTP/1.1 200 OK
2019-05-18 14:20:09,492 +0530 [Forwarding newSession on session null to remote] DEBUG (LoggingManagedHttpClientConnection.java:125) - http-outgoing-0 << Content-Length:1033
2019-05-18 14:20:09,492 +0530 [Forwarding newSession on session null to remote] DEBUG (LoggingManagedHttpClientConnection.java:125) - http-outgoing-0 << Content-Type:application/json; charset=utf-8
2019-05-18 14:20:09,499 +0530 [Forwarding newSession on session null to remote] DEBUG (MainClientExec.java:285) - Connection can be kept alive indefinitely
2019-05-18 14:20:09,505 +0530 [Forwarding newSession on session null to remote] DEBUG (PoolingHttpClientConnectionManager.java:320) - Connection [id: 0][route: {}->http://localhost:36364] can be kept alive indefinitely
2019-05-18 14:20:09,506 +0530 [Forwarding newSession on session null to remote] DEBUG (PoolingHttpClientConnectionManager.java:326) - Connection released: [id: 0][route: {}->http://localhost:36364][total kept alive: 1; route allocated: 1 of 2000; total allocated: 1 of 2000]
2019-05-18 14:20:09,614 +0530 [Forwarding get on session 586e957ff551a554e31e52a8d3c478d7 to remote] DEBUG (RequestAddCookies.java:123) - CookieSpec selected: default
2019-05-18 14:20:09,614 +0530 [Forwarding get on session 586e957ff551a554e31e52a8d3c478d7 to remote] DEBUG (RequestAuthCache.java:77) - Auth cache not set in the context
2019-05-18 14:20:09,615 +0530 [Forwarding get on session 586e957ff551a554e31e52a8d3c478d7 to remote] DEBUG (PoolingHttpClientConnectionManager.java:255) - Connection request: [route: {}->http://localhost:36364][total kept alive: 1; route allocated: 1 of 2000; total allocated: 1 of 2000]
2019-05-18 14:20:09,615 +0530 [Forwarding get on session 586e957ff551a554e31e52a8d3c478d7 to remote] DEBUG (PoolingHttpClientConnectionManager.java:288) - Connection leased: [id: 0][route: {}->http://localhost:36364][total kept alive: 0; route allocated: 1 of 2000; total allocated: 1 of 2000]
2019-05-18 14:20:09,615 +0530 [Forwarding get on session 586e957ff551a554e31e52a8d3c478d7 to remote] DEBUG (MainClientExec.java:208) - Stale connection check
2019-05-18 14:20:09,616 +0530 [Forwarding get on session 586e957ff551a554e31e52a8d3c478d7 to remote] DEBUG (Wire.java:87) - http-outgoing-0 << "[read] I/O error: Read timed out"
2019-05-18 14:20:09,616 +0530 [Forwarding get on session 586e957ff551a554e31e52a8d3c478d7 to remote] DEBUG (LoggingManagedHttpClientConnection.java:88) - http-outgoing-0: set socket timeout to 10800000
2019-05-18 14:20:09,616 +0530 [Forwarding get on session 586e957ff551a554e31e52a8d3c478d7 to remote] DEBUG (MainClientExec.java:256) - Executing request POST /session/586e957ff551a554e31e52a8d3c478d7/url HTTP/1.1
2019-05-18 14:20:09,616 +0530 [Forwarding get on session 586e957ff551a554e31e52a8d3c478d7 to remote] DEBUG (MainClientExec.java:261) - Target auth state: UNCHALLENGED
2019-05-18 14:20:09,616 +0530 [Forwarding get on session 586e957ff551a554e31e52a8d3c478d7 to remote] DEBUG (MainClientExec.java:267) - Proxy auth state: UNCHALLENGED
2019-05-18 14:20:09,617 +0530 [Forwarding get on session 586e957ff551a554e31e52a8d3c478d7 to remote] DEBUG (LoggingManagedHttpClientConnection.java:133) - http-outgoing-0 >> POST /session/586e957ff551a554e31e52a8d3c478d7/url HTTP/1.1
2019-05-18 14:20:09,617 +0530 [Forwarding get on session 586e957ff551a554e31e52a8d3c478d7 to remote] DEBUG (LoggingManagedHttpClientConnection.java:136) - http-outgoing-0 >> Content-Type: application/json; charset=utf-8
2019-05-18 14:20:09,617 +0530 [Forwarding get on session 586e957ff551a554e31e52a8d3c478d7 to remote] DEBUG (LoggingManagedHttpClientConnection.java:136) - http-outgoing-0 >> Content-Length: 69
2019-05-18 14:20:09,617 +0530 [Forwarding get on session 586e957ff551a554e31e52a8d3c478d7 to remote] DEBUG (LoggingManagedHttpClientConnection.java:136) - http-outgoing-0 >> Host: localhost:36364
2019-05-18 14:20:09,617 +0530 [Forwarding get on session 586e957ff551a554e31e52a8d3c478d7 to remote] DEBUG (LoggingManagedHttpClientConnection.java:136) - http-outgoing-0 >> Connection: Keep-Alive
2019-05-18 14:20:09,617 +0530 [Forwarding get on session 586e957ff551a554e31e52a8d3c478d7 to remote] DEBUG (LoggingManagedHttpClientConnection.java:136) - http-outgoing-0 >> User-Agent: Apache-HttpClient/4.5.3 (Java/1.8.0_45)
2019-05-18 14:20:09,617 +0530 [Forwarding get on session 586e957ff551a554e31e52a8d3c478d7 to remote] DEBUG (LoggingManagedHttpClientConnection.java:136) - http-outgoing-0 >> Accept-Encoding: gzip,deflate
2019-05-18 14:20:09,618 +0530 [Forwarding get on session 586e957ff551a554e31e52a8d3c478d7 to remote] DEBUG (Wire.java:73) - http-outgoing-0 >> "POST /session/586e957ff551a554e31e52a8d3c478d7/url HTTP/1.1[\r][\n]"
2019-05-18 14:20:09,618 +0530 [Forwarding get on session 586e957ff551a554e31e52a8d3c478d7 to remote] DEBUG (Wire.java:73) - http-outgoing-0 >> "Content-Type: application/json; charset=utf-8[\r][\n]"
2019-05-18 14:20:09,618 +0530 [Forwarding get on session 586e957ff551a554e31e52a8d3c478d7 to remote] DEBUG (Wire.java:73) - http-outgoing-0 >> "Content-Length: 69[\r][\n]"
2019-05-18 14:20:09,618 +0530 [Forwarding get on session 586e957ff551a554e31e52a8d3c478d7 to remote] DEBUG (Wire.java:73) - http-outgoing-0 >> "Host: localhost:36364[\r][\n]"
2019-05-18 14:20:09,618 +0530 [Forwarding get on session 586e957ff551a554e31e52a8d3c478d7 to remote] DEBUG (Wire.java:73) - http-outgoing-0 >> "Connection: Keep-Alive[\r][\n]"
2019-05-18 14:20:09,618 +0530 [Forwarding get on session 586e957ff551a554e31e52a8d3c478d7 to remote] DEBUG (Wire.java:73) - http-outgoing-0 >> "User-Agent: Apache-HttpClient/4.5.3 (Java/1.8.0_45)[\r][\n]"
2019-05-18 14:20:09,618 +0530 [Forwarding get on session 586e957ff551a554e31e52a8d3c478d7 to remote] DEBUG (Wire.java:73) - http-outgoing-0 >> "Accept-Encoding: gzip,deflate[\r][\n]"
2019-05-18 14:20:09,619 +0530 [Forwarding get on session 586e957ff551a554e31e52a8d3c478d7 to remote] DEBUG (Wire.java:73) - http-outgoing-0 >> "[\r][\n]"
2019-05-18 14:20:09,619 +0530 [Forwarding get on session 586e957ff551a554e31e52a8d3c478d7 to remote] DEBUG (Wire.java:87) - http-outgoing-0 >> "{"url":"https://employer-portal.sit1.va.anthem.com/eea/public/login"}"
2019-05-18 14:20:15,213 +0530 [Forwarding get on session 586e957ff551a554e31e52a8d3c478d7 to remote] DEBUG (Wire.java:73) - http-outgoing-0 << "HTTP/1.1 200 OK[\r][\n]"
2019-05-18 14:20:15,214 +0530 [Forwarding get on session 586e957ff551a554e31e52a8d3c478d7 to remote] DEBUG (Wire.java:73) - http-outgoing-0 << "Content-Length:72[\r][\n]"
2019-05-18 14:20:15,214 +0530 [Forwarding get on session 586e957ff551a554e31e52a8d3c478d7 to remote] DEBUG (Wire.java:73) - http-outgoing-0 << "Content-Type:application/json; charset=utf-8[\r][\n]"
2019-05-18 14:20:15,214 +0530 [Forwarding get on session 586e957ff551a554e31e52a8d3c478d7 to remote] DEBUG (Wire.java:73) - http-outgoing-0 << "[\r][\n]"
2019-05-18 14:20:15,214 +0530 [Forwarding get on session 586e957ff551a554e31e52a8d3c478d7 to remote] DEBUG (Wire.java:87) - http-outgoing-0 << "{"sessionId":"586e957ff551a554e31e52a8d3c478d7","status":0,"value":null}"
2019-05-18 14:20:15,217 +0530 [Forwarding get on session 586e957ff551a554e31e52a8d3c478d7 to remote] DEBUG (LoggingManagedHttpClientConnection.java:122) - http-outgoing-0 << HTTP/1.1 200 OK
2019-05-18 14:20:15,217 +0530 [Forwarding get on session 586e957ff551a554e31e52a8d3c478d7 to remote] DEBUG (LoggingManagedHttpClientConnection.java:125) - http-outgoing-0 << Content-Length:72
2019-05-18 14:20:15,217 +0530 [Forwarding get on session 586e957ff551a554e31e52a8d3c478d7 to remote] DEBUG (LoggingManagedHttpClientConnection.java:125) - http-outgoing-0 << Content-Type:application/json; charset=utf-8
2019-05-18 14:20:15,217 +0530 [Forwarding get on session 586e957ff551a554e31e52a8d3c478d7 to remote] DEBUG (MainClientExec.java:285) - Connection can be kept alive indefinitely
2019-05-18 14:20:15,218 +0530 [Forwarding get on session 586e957ff551a554e31e52a8d3c478d7 to remote] DEBUG (PoolingHttpClientConnectionManager.java:320) - Connection [id: 0][route: {}->http://localhost:36364] can be kept alive indefinitely
2019-05-18 14:20:15,218 +0530 [Forwarding get on session 586e957ff551a554e31e52a8d3c478d7 to remote] DEBUG (PoolingHttpClientConnectionManager.java:326) - Connection released: [id: 0][route: {}->http://localhost:36364][total kept alive: 1; route allocated: 1 of 2000; total allocated: 1 of 2000]
2019-05-18 14:20:15,221 +0530 [Forwarding get on session 586e957ff551a554e31e52a8d3c478d7 to remote] DEBUG (RequestAddCookies.java:123) - CookieSpec selected: default
2019-05-18 14:20:15,221 +0530 [Forwarding get on session 586e957ff551a554e31e52a8d3c478d7 to remote] DEBUG (RequestAuthCache.java:77) - Auth cache not set in the context
2019-05-18 14:20:15,221 +0530 [Forwarding get on session 586e957ff551a554e31e52a8d3c478d7 to remote] DEBUG (PoolingHttpClientConnectionManager.java:255) - Connection request: [route: {}->http://localhost:36364][total kept alive: 1; route allocated: 1 of 2000; total allocated: 1 of 2000]
2019-05-18 14:20:15,225 +0530 [Forwarding get on session 586e957ff551a554e31e52a8d3c478d7 to remote] DEBUG (PoolingHttpClientConnectionManager.java:288) - Connection leased: [id: 0][route: {}->http://localhost:36364][total kept alive: 0; route allocated: 1 of 2000; total allocated: 1 of 2000]
2019-05-18 14:20:15,225 +0530 [Forwarding get on session 586e957ff551a554e31e52a8d3c478d7 to remote] DEBUG (MainClientExec.java:208) - Stale connection check
2019-05-18 14:20:15,226 +0530 [Forwarding get on session 586e957ff551a554e31e52a8d3c478d7 to remote] DEBUG (Wire.java:87) - http-outgoing-0 << "[read] I/O error: Read timed out"
2019-05-18 14:20:15,226 +0530 [Forwarding get on session 586e957ff551a554e31e52a8d3c478d7 to remote] DEBUG (LoggingManagedHttpClientConnection.java:88) - http-outgoing-0: set socket timeout to 10800000
2019-05-18 14:20:15,226 +0530 [Forwarding get on session 586e957ff551a554e31e52a8d3c478d7 to remote] DEBUG (MainClientExec.java:256) - Executing request POST /session/586e957ff551a554e31e52a8d3c478d7/url HTTP/1.1
2019-05-18 14:20:15,226 +0530 [Forwarding get on session 586e957ff551a554e31e52a8d3c478d7 to remote] DEBUG (MainClientExec.java:261) - Target auth state: UNCHALLENGED
2019-05-18 14:20:15,226 +0530 [Forwarding get on session 586e957ff551a554e31e52a8d3c478d7 to remote] DEBUG (MainClientExec.java:267) - Proxy auth state: UNCHALLENGED
2019-05-18 14:20:15,226 +0530 [Forwarding get on session 586e957ff551a554e31e52a8d3c478d7 to remote] DEBUG (LoggingManagedHttpClientConnection.java:133) - http-outgoing-0 >> POST /session/586e957ff551a554e31e52a8d3c478d7/url HTTP/1.1
2019-05-18 14:20:15,227 +0530 [Forwarding get on session 586e957ff551a554e31e52a8d3c478d7 to remote] DEBUG (LoggingManagedHttpClientConnection.java:136) - http-outgoing-0 >> Content-Type: application/json; charset=utf-8
2019-05-18 14:20:15,227 +0530 [Forwarding get on session 586e957ff551a554e31e52a8d3c478d7 to remote] DEBUG (LoggingManagedHttpClientConnection.java:136) - http-outgoing-0 >> Content-Length: 69
2019-05-18 14:20:15,227 +0530 [Forwarding get on session 586e957ff551a554e31e52a8d3c478d7 to remote] DEBUG (LoggingManagedHttpClientConnection.java:136) - http-outgoing-0 >> Host: localhost:36364
2019-05-18 14:20:15,227 +0530 [Forwarding get on session 586e957ff551a554e31e52a8d3c478d7 to remote] DEBUG (LoggingManagedHttpClientConnection.java:136) - http-outgoing-0 >> Connection: Keep-Alive
2019-05-18 14:20:15,227 +0530 [Forwarding get on session 586e957ff551a554e31e52a8d3c478d7 to remote] DEBUG (LoggingManagedHttpClientConnection.java:136) - http-outgoing-0 >> User-Agent: Apache-HttpClient/4.5.3 (Java/1.8.0_45)
2019-05-18 14:20:15,227 +0530 [Forwarding get on session 586e957ff551a554e31e52a8d3c478d7 to remote] DEBUG (LoggingManagedHttpClientConnection.java:136) - http-outgoing-0 >> Accept-Encoding: gzip,deflate
2019-05-18 14:20:15,227 +0530 [Forwarding get on session 586e957ff551a554e31e52a8d3c478d7 to remote] DEBUG (Wire.java:73) - http-outgoing-0 >> "POST /session/586e957ff551a554e31e52a8d3c478d7/url HTTP/1.1[\r][\n]"
2019-05-18 14:20:15,227 +0530 [Forwarding get on session 586e957ff551a554e31e52a8d3c478d7 to remote] DEBUG (Wire.java:73) - http-outgoing-0 >> "Content-Type: application/json; charset=utf-8[\r][\n]"
2019-05-18 14:20:15,228 +0530 [Forwarding get on session 586e957ff551a554e31e52a8d3c478d7 to remote] DEBUG (Wire.java:73) - http-outgoing-0 >> "Content-Length: 69[\r][\n]"
2019-05-18 14:20:15,228 +0530 [Forwarding get on session 586e957ff551a554e31e52a8d3c478d7 to remote] DEBUG (Wire.java:73) - http-outgoing-0 >> "Host: localhost:36364[\r][\n]"
2019-05-18 14:20:15,228 +0530 [Forwarding get on session 586e957ff551a554e31e52a8d3c478d7 to remote] DEBUG (Wire.java:73) - http-outgoing-0 >> "Connection: Keep-Alive[\r][\n]"
2019-05-18 14:20:15,228 +0530 [Forwarding get on session 586e957ff551a554e31e52a8d3c478d7 to remote] DEBUG (Wire.java:73) - http-outgoing-0 >> "User-Agent: Apache-HttpClient/4.5.3 (Java/1.8.0_45)[\r][\n]"
2019-05-18 14:20:15,228 +0530 [Forwarding get on session 586e957ff551a554e31e52a8d3c478d7 to remote] DEBUG (Wire.java:73) - http-outgoing-0 >> "Accept-Encoding: gzip,deflate[\r][\n]"
2019-05-18 14:20:15,228 +0530 [Forwarding get on session 586e957ff551a554e31e52a8d3c478d7 to remote] DEBUG (Wire.java:73) - http-outgoing-0 >> "[\r][\n]"
2019-05-18 14:20:15,228 +0530 [Forwarding get on session 586e957ff551a554e31e52a8d3c478d7 to remote] DEBUG (Wire.java:87) - http-outgoing-0 >> "{"url":"https://employer-portal.sit1.va.anthem.com/eea/public/login"}"
2019-05-18 14:20:22,613 +0530 [Forwarding get on session 586e957ff551a554e31e52a8d3c478d7 to remote] DEBUG (Wire.java:73) - http-outgoing-0 << "HTTP/1.1 200 OK[\r][\n]"
2019-05-18 14:20:22,614 +0530 [Forwarding get on session 586e957ff551a554e31e52a8d3c478d7 to remote] DEBUG (Wire.java:73) - http-outgoing-0 << "Content-Length:72[\r][\n]"
2019-05-18 14:20:22,614 +0530 [Forwarding get on session 586e957ff551a554e31e52a8d3c478d7 to remote] DEBUG (Wire.java:73) - http-outgoing-0 << "Content-Type:application/json; charset=utf-8[\r][\n]"
2019-05-18 14:20:22,614 +0530 [Forwarding get on session 586e957ff551a554e31e52a8d3c478d7 to remote] DEBUG (Wire.java:73) - http-outgoing-0 << "[\r][\n]"
2019-05-18 14:20:22,614 +0530 [Forwarding get on session 586e957ff551a554e31e52a8d3c478d7 to remote] DEBUG (Wire.java:87) - http-outgoing-0 << "{"sessionId":"586e957ff551a554e31e52a8d3c478d7","status":0,"value":null}"
2019-05-18 14:20:22,614 +0530 [Forwarding get on session 586e957ff551a554e31e52a8d3c478d7 to remote] DEBUG (LoggingManagedHttpClientConnection.java:122) - http-outgoing-0 << HTTP/1.1 200 OK
2019-05-18 14:20:22,615 +0530 [Forwarding get on session 586e957ff551a554e31e52a8d3c478d7 to remote] DEBUG (LoggingManagedHttpClientConnection.java:125) - http-outgoing-0 << Content-Length:72
2019-05-18 14:20:22,615 +0530 [Forwarding get on session 586e957ff551a554e31e52a8d3c478d7 to remote] DEBUG (LoggingManagedHttpClientConnection.java:125) - http-outgoing-0 << Content-Type:application/json; charset=utf-8
2019-05-18 14:20:22,615 +0530 [Forwarding get on session 586e957ff551a554e31e52a8d3c478d7 to remote] DEBUG (MainClientExec.java:285) - Connection can be kept alive indefinitely
2019-05-18 14:20:22,615 +0530 [Forwarding get on session 586e957ff551a554e31e52a8d3c478d7 to remote] DEBUG (PoolingHttpClientConnectionManager.java:320) - Connection [id: 0][route: {}->http://localhost:36364] can be kept alive indefinitely
2019-05-18 14:20:22,615 +0530 [Forwarding get on session 586e957ff551a554e31e52a8d3c478d7 to remote] DEBUG (PoolingHttpClientConnectionManager.java:326) - Connection released: [id: 0][route: {}->http://localhost:36364][total kept alive: 1; route allocated: 1 of 2000; total allocated: 1 of 2000]
2019-05-18 14:20:22,617 +0530 [Forwarding get on session 586e957ff551a554e31e52a8d3c478d7 to remote] DEBUG (RequestAddCookies.java:123) - CookieSpec selected: default
2019-05-18 14:20:22,617 +0530 [Forwarding get on session 586e957ff551a554e31e52a8d3c478d7 to remote] DEBUG (RequestAuthCache.java:77) - Auth cache not set in the context
2019-05-18 14:20:22,617 +0530 [Forwarding get on session 586e957ff551a554e31e52a8d3c478d7 to remote] DEBUG (PoolingHttpClientConnectionManager.java:255) - Connection request: [route: {}->http://localhost:36364][total kept alive: 1; route allocated: 1 of 2000; total allocated: 1 of 2000]
2019-05-18 14:20:22,617 +0530 [Forwarding get on session 586e957ff551a554e31e52a8d3c478d7 to remote] DEBUG (PoolingHttpClientConnectionManager.java:288) - Connection leased: [id: 0][route: {}->http://localhost:36364][total kept alive: 0; route allocated: 1 of 2000; total allocated: 1 of 2000]
2019-05-18 14:20:22,617 +0530 [Forwarding get on session 586e957ff551a554e31e52a8d3c478d7 to remote] DEBUG (MainClientExec.java:208) - Stale connection check
2019-05-18 14:20:22,619 +0530 [Forwarding get on session 586e957ff551a554e31e52a8d3c478d7 to remote] DEBUG (Wire.java:87) - http-outgoing-0 << "[read] I/O error: Read timed out"
2019-05-18 14:20:22,619 +0530 [Forwarding get on session 586e957ff551a554e31e52a8d3c478d7 to remote] DEBUG (LoggingManagedHttpClientConnection.java:88) - http-outgoing-0: set socket timeout to 10800000
2019-05-18 14:20:22,619 +0530 [Forwarding get on session 586e957ff551a554e31e52a8d3c478d7 to remote] DEBUG (MainClientExec.java:256) - Executing request POST /session/586e957ff551a554e31e52a8d3c478d7/url HTTP/1.1
2019-05-18 14:20:22,619 +0530 [Forwarding get on session 586e957ff551a554e31e52a8d3c478d7 to remote] DEBUG (MainClientExec.java:261) - Target auth state: UNCHALLENGED
2019-05-18 14:20:22,619 +0530 [Forwarding get on session 586e957ff551a554e31e52a8d3c478d7 to remote] DEBUG (MainClientExec.java:267) - Proxy auth state: UNCHALLENGED
2019-05-18 14:20:22,620 +0530 [Forwarding get on session 586e957ff551a554e31e52a8d3c478d7 to remote] DEBUG (LoggingManagedHttpClientConnection.java:133) - http-outgoing-0 >> POST /session/586e957ff551a554e31e52a8d3c478d7/url HTTP/1.1
2019-05-18 14:20:22,620 +0530 [Forwarding get on session 586e957ff551a554e31e52a8d3c478d7 to remote] DEBUG (LoggingManagedHttpClientConnection.java:136) - http-outgoing-0 >> Content-Type: application/json; charset=utf-8
2019-05-18 14:20:22,620 +0530 [Forwarding get on session 586e957ff551a554e31e52a8d3c478d7 to remote] DEBUG (LoggingManagedHttpClientConnection.java:136) - http-outgoing-0 >> Content-Length: 69
2019-05-18 14:20:22,620 +0530 [Forwarding get on session 586e957ff551a554e31e52a8d3c478d7 to remote] DEBUG (LoggingManagedHttpClientConnection.java:136) - http-outgoing-0 >> Host: localhost:36364
2019-05-18 14:20:22,620 +0530 [Forwarding get on session 586e957ff551a554e31e52a8d3c478d7 to remote] DEBUG (LoggingManagedHttpClientConnection.java:136) - http-outgoing-0 >> Connection: Keep-Alive
2019-05-18 14:20:22,620 +0530 [Forwarding get on session 586e957ff551a554e31e52a8d3c478d7 to remote] DEBUG (LoggingManagedHttpClientConnection.java:136) - http-outgoing-0 >> User-Agent: Apache-HttpClient/4.5.3 (Java/1.8.0_45)
2019-05-18 14:20:22,620 +0530 [Forwarding get on session 586e957ff551a554e31e52a8d3c478d7 to remote] DEBUG (LoggingManagedHttpClientConnection.java:136) - http-outgoing-0 >> Accept-Encoding: gzip,deflate
2019-05-18 14:20:22,621 +0530 [Forwarding get on session 586e957ff551a554e31e52a8d3c478d7 to remote] DEBUG (Wire.java:73) - http-outgoing-0 >> "POST /session/586e957ff551a554e31e52a8d3c478d7/url HTTP/1.1[\r][\n]"
2019-05-18 14:20:22,623 +0530 [Forwarding get on session 586e957ff551a554e31e52a8d3c478d7 to remote] DEBUG (Wire.java:73) - http-outgoing-0 >> "Content-Type: application/json; charset=utf-8[\r][\n]"
2019-05-18 14:20:22,623 +0530 [Forwarding get on session 586e957ff551a554e31e52a8d3c478d7 to remote] DEBUG (Wire.java:73) - http-outgoing-0 >> "Content-Length: 69[\r][\n]"
2019-05-18 14:20:22,623 +0530 [Forwarding get on session 586e957ff551a554e31e52a8d3c478d7 to remote] DEBUG (Wire.java:73) - http-outgoing-0 >> "Host: localhost:36364[\r][\n]"
2019-05-18 14:20:22,623 +0530 [Forwarding get on session 586e957ff551a554e31e52a8d3c478d7 to remote] DEBUG (Wire.java:73) - http-outgoing-0 >> "Connection: Keep-Alive[\r][\n]"
2019-05-18 14:20:22,624 +0530 [Forwarding get on session 586e957ff551a554e31e52a8d3c478d7 to remote] DEBUG (Wire.java:73) - http-outgoing-0 >> "User-Agent: Apache-HttpClient/4.5.3 (Java/1.8.0_45)[\r][\n]"
2019-05-18 14:20:22,624 +0530 [Forwarding get on session 586e957ff551a554e31e52a8d3c478d7 to remote] DEBUG (Wire.java:73) - http-outgoing-0 >> "Accept-Encoding: gzip,deflate[\r][\n]"
2019-05-18 14:20:22,624 +0530 [Forwarding get on session 586e957ff551a554e31e52a8d3c478d7 to remote] DEBUG (Wire.java:73) - http-outgoing-0 >> "[\r][\n]"
2019-05-18 14:20:22,624 +0530 [Forwarding get on session 586e957ff551a554e31e52a8d3c478d7 to remote] DEBUG (Wire.java:87) - http-outgoing-0 >> "{"url":"https://employer-portal.sit1.va.anthem.com/eea/public/login"}"
2019-05-18 14:20:27,049 +0530 [Forwarding get on session 586e957ff551a554e31e52a8d3c478d7 to remote] DEBUG (Wire.java:73) - http-outgoing-0 << "HTTP/1.1 200 OK[\r][\n]"
2019-05-18 14:20:27,049 +0530 [Forwarding get on session 586e957ff551a554e31e52a8d3c478d7 to remote] DEBUG (Wire.java:73) - http-outgoing-0 << "Content-Length:72[\r][\n]"
2019-05-18 14:20:27,049 +0530 [Forwarding get on session 586e957ff551a554e31e52a8d3c478d7 to remote] DEBUG (Wire.java:73) - http-outgoing-0 << "Content-Type:application/json; charset=utf-8[\r][\n]"
2019-05-18 14:20:27,049 +0530 [Forwarding get on session 586e957ff551a554e31e52a8d3c478d7 to remote] DEBUG (Wire.java:73) - http-outgoing-0 << "[\r][\n]"
2019-05-18 14:20:27,049 +0530 [Forwarding get on session 586e957ff551a554e31e52a8d3c478d7 to remote] DEBUG (Wire.java:87) - http-outgoing-0 << "{"sessionId":"586e957ff551a554e31e52a8d3c478d7","status":0,"value":null}"
2019-05-18 14:20:27,050 +0530 [Forwarding get on session 586e957ff551a554e31e52a8d3c478d7 to remote] DEBUG (LoggingManagedHttpClientConnection.java:122) - http-outgoing-0 << HTTP/1.1 200 OK
2019-05-18 14:20:27,050 +0530 [Forwarding get on session 586e957ff551a554e31e52a8d3c478d7 to remote] DEBUG (LoggingManagedHttpClientConnection.java:125) - http-outgoing-0 << Content-Length:72
2019-05-18 14:20:27,050 +0530 [Forwarding get on session 586e957ff551a554e31e52a8d3c478d7 to remote] DEBUG (LoggingManagedHttpClientConnection.java:125) - http-outgoing-0 << Content-Type:application/json; charset=utf-8
2019-05-18 14:20:27,050 +0530 [Forwarding get on session 586e957ff551a554e31e52a8d3c478d7 to remote] DEBUG (MainClientExec.java:285) - Connection can be kept alive indefinitely
2019-05-18 14:20:27,050 +0530 [Forwarding get on session 586e957ff551a554e31e52a8d3c478d7 to remote] DEBUG (PoolingHttpClientConnectionManager.java:320) - Connection [id: 0][route: {}->http://localhost:36364] can be kept alive indefinitely
2019-05-18 14:20:27,051 +0530 [Forwarding get on session 586e957ff551a554e31e52a8d3c478d7 to remote] DEBUG (PoolingHttpClientConnectionManager.java:326) - Connection released: [id: 0][route: {}->http://localhost:36364][total kept alive: 1; route allocated: 1 of 2000; total allocated: 1 of 2000]
